[debug] [2020-10-15T09:21:15.199Z] ----------------------------------------------------------------------
[debug] [2020-10-15T09:21:15.201Z] Command:       C:\Program Files\nodejs\node.exe C:\Users\shrey\AppData\Roaming\npm\node_modules\firebase-tools\lib\bin\firebase.js init
[debug] [2020-10-15T09:21:15.201Z] CLI Version:   8.12.1
[debug] [2020-10-15T09:21:15.201Z] Platform:      win32
[debug] [2020-10-15T09:21:15.201Z] Node Version:  v12.18.4
[debug] [2020-10-15T09:21:15.202Z] Time:          Thu Oct 15 2020 14:51:15 GMT+0530 (India Standard Time)
[debug] [2020-10-15T09:21:15.202Z] ----------------------------------------------------------------------
[debug] [2020-10-15T09:21:15.202Z] 
[debug] [2020-10-15T09:21:15.207Z] > command requires scopes: ["email","openid","https://www.googleapis.com/auth/cloudplatformprojects.readonly","https://www.googleapis.com/auth/firebase","https://www.googleapis.com/auth/cloud-platform"]
[debug] [2020-10-15T09:21:15.207Z] > authorizing via signed-in user
[info] 
     ######## #### ########  ######## ########     ###     ######  ########
     ##        ##  ##     ## ##       ##     ##  ##   ##  ##       ##
     ######    ##  ########  ######   ########  #########  ######  ######
     ##        ##  ##    ##  ##       ##     ## ##     ##       ## ##
     ##       #### ##     ## ######## ########  ##     ##  ######  ########

You're about to initialize a Firebase project in this directory:

  C:\Users\shrey\Study Related\Web Development\covid19-tracker-app

Before we get started, keep in mind:

  * You are initializing in an existing Firebase project directory

[info] 
=== Project Setup
[info] 
[info] First, let's associate this project directory with a Firebase project.
[info] You can create multiple project aliases by running firebase use --add, 
[info] but for now we'll just set up a default project.
[info] 
[info] i  .firebaserc already has a default project, using covid19-tracker-app-shrey. 
[debug] [2020-10-15T09:21:19.932Z] >>> HTTP REQUEST GET https://firebase.googleapis.com/v1beta1/projects/covid19-tracker-app-shrey  
 
[debug] [2020-10-15T09:21:20.538Z] <<< HTTP RESPONSE 200 {"content-type":"application/json; charset=UTF-8","vary":"X-Origin, Referer, Origin,Accept-Encoding","date":"Thu, 15 Oct 2020 09:21:20 GMT","server":"ESF","cache-control":"private","x-xss-protection":"0","x-frame-options":"SAMEORIGIN","x-content-type-options":"nosniff","alt-svc":"h3-Q050=\":443\"; ma=2592000,h3-29=\":443\"; ma=2592000,h3-27=\":443\"; ma=2592000,h3-T051=\":443\"; ma=2592000,h3-T050=\":443\"; ma=2592000,h3-Q046=\":443\"; ma=2592000,h3-Q043=\":443\"; ma=2592000,quic=\":443\"; ma=2592000; v=\"46,43\"","accept-ranges":"none","transfer-encoding":"chunked"}
[info] 
=== Hosting Setup
[info] 
[info] Your public directory is the folder (relative to your project directory) that
[info] will contain Hosting assets to be uploaded with firebase deploy. If you
[info] have a build process for your assets, use your build's output directory.
[info] 
